
     | | | | | | |
   _________________
  -|               |-
  -|               |-
  -|               |-
  -|    CYPRESS    |-
  -|               |-
  -|               |-   Warp VHDL Synthesis Compiler: Version 6.3 IR 35
  -|               |-   Copyright (C) 1991-2001 Cypress Semiconductor
   |_______________|
     | | | | | | |

======================================================================
Compiling:  COD.vhd
Options:    -m -yu -e10 -w100 -o2 -ygs -fP -v10 -dc22v10 -ppalce22v10-25pc/pi -b COD.vhd -u COD.hie
======================================================================

vhdlfe V6.3 IR 35:  VHDL parser
Fri Dec 10 12:46:28 2021

Library 'work' => directory 'lc22v10'
Linking 'C:\Archivos de programa\Cypress\Warp\bin\std.vhd'.
Linking 'C:\Archivos de programa\Cypress\Warp\lib\common\cypress.vhd'.
Linking 'C:\Archivos de programa\Cypress\Warp\lib\common\work\cypress.vif'.
Library 'ieee' => directory 'C:\Archivos de programa\Cypress\Warp\lib\ieee\work'
Linking 'C:\Archivos de programa\Cypress\Warp\lib\ieee\work\stdlogic.vif'.
Linking 'C:\Archivos de programa\Cypress\Warp\lib\ieee\work\syntocyp.vif'.
Linking 'C:\Archivos de programa\Cypress\Warp\lib\ieee\work\synarith.vif'.
Linking 'C:\Archivos de programa\Cypress\Warp\lib\ieee\work\synusgnd.vif'.

vhdlfe:  No errors.


tovif V6.3 IR 35:  High-level synthesis
Fri Dec 10 12:46:28 2021

Linking 'C:\Archivos de programa\Cypress\Warp\bin\std.vhd'.
Linking 'C:\Archivos de programa\Cypress\Warp\lib\common\cypress.vhd'.
Linking 'C:\Archivos de programa\Cypress\Warp\lib\common\work\cypress.vif'.
Linking 'C:\Archivos de programa\Cypress\Warp\lib\ieee\work\stdlogic.vif'.
Linking 'C:\Archivos de programa\Cypress\Warp\lib\ieee\work\syntocyp.vif'.
Linking 'C:\Archivos de programa\Cypress\Warp\lib\ieee\work\synarith.vif'.
Linking 'C:\Archivos de programa\Cypress\Warp\lib\ieee\work\synusgnd.vif'.
tovif:  COD.vhd:  Warning: (W465) Top-level entity 'cod' has no output ports.

tovif:  No errors.  1 warning.


topld V6.3 IR 35:  Synthesis and optimization
Fri Dec 10 12:46:28 2021

Linking 'C:\Archivos de programa\Cypress\Warp\bin\std.vhd'.
Linking 'C:\Archivos de programa\Cypress\Warp\lib\common\cypress.vhd'.
Linking 'C:\Archivos de programa\Cypress\Warp\lib\common\work\cypress.vif'.
Linking 'C:\Archivos de programa\Cypress\Warp\lib\ieee\work\stdlogic.vif'.
Linking 'C:\Archivos de programa\Cypress\Warp\lib\ieee\work\syntocyp.vif'.
Linking 'C:\Archivos de programa\Cypress\Warp\lib\ieee\work\synarith.vif'.
Linking 'C:\Archivos de programa\Cypress\Warp\lib\ieee\work\synusgnd.vif'.

----------------------------------------------------------
Detecting unused logic.
----------------------------------------------------------



------------------------------------------------------
Alias Detection
------------------------------------------------------

------------------------------------------------------
Aliased 0 equations, 0 wires.
------------------------------------------------------

----------------------------------------------------------
Circuit simplification
----------------------------------------------------------

----------------------------------------------------------
Circuit simplification results:

	Expanded 0 signals.
	Turned 0 signals into soft nodes.
	Maximum default expansion cost was set at 10.
----------------------------------------------------------
Created 14 PLD nodes.

topld:  No errors.

----------------------------------------------------------------------------
PLD Optimizer Software:       DSGNOPT.EXE    31/03/2000  [v4.02 ] 6.3 IR 35

DESIGN HEADER INFORMATION  (12:46:29)

Input File(s): COD.pla
Device       : C22V10
Package      : palce22v10-25pc/pi
ReportFile   : COD.rpt

Program Controls:
    COMMAND LANGUAGE_VHDL 
    COMMAND PROPERTY BUS_HOLD ENABLE 

Signal Requests:
    GROUP USEPOL ALL
    GROUP FAST_SLEW ALL

Completed Successfully  
----------------------------------------------------------------------------
PLD Optimizer Software:       DSGNOPT.EXE    31/03/2000  [v4.02 ] 6.3 IR 35

OPTIMIZATION OPTIONS       (12:46:29)

Messages:
  Information: Optimizing logic using best output polarity for signals:
         q(0) q(1) q(2) q(3)



Summary:
                 Error Count = 0      Warning Count = 0

Completed Successfully  
----------------------------------------------------------------------------
PLD Optimizer Software:       MINOPT.EXE     01/NOV/1999  [v4.02 ] 6.3 IR 35

LOGIC MINIMIZATION         ()

Messages:


Summary:
                 Error Count = 0      Warning Count = 0

Completed Successfully
----------------------------------------------------------------------------
PLD Optimizer Software:       DSGNOPT.EXE    31/03/2000  [v4.02 ] 6.3 IR 35

OPTIMIZATION OPTIONS       (12:46:29)

Messages:
  Information: Optimizing Banked Preset/Reset requirements.


Summary:
                 Error Count = 0      Warning Count = 0

Completed Successfully  
----------------------------------------------------------------------------
PLD Compiler Software:        PLA2JED.EXE    31/03/2000  [v4.02 ] 6.3 IR 35

<CYPRESSTAG name="Equations" icon=FILE_RPT_EQUATION>
DESIGN EQUATIONS           (12:46:29)
</CYPRESSTAG>

    q(0) =
          i(1) * /i(2) * /i(4) * /i(6) * /i(8) 
        + i(3) * /i(4) * /i(6) * /i(8) 
        + i(5) * /i(6) * /i(8) 
        + i(7) * /i(8) 
        + i(9) 

    q(1) =
          i(3) * /i(4) * /i(5) * /i(8) * /i(9) 
        + i(2) * /i(4) * /i(5) * /i(8) * /i(9) 
        + i(7) * /i(8) * /i(9) 
        + i(6) * /i(8) * /i(9) 

    /q(2) =
          /i(4) * /i(5) * /i(6) * /i(7) 
        + i(9) 
        + i(8) 

    /q(3) =
          /i(8) * /i(9) 


Completed Successfully  
----------------------------------------------------------------------------
PLD Compiler Software:        PLA2JED.EXE    31/03/2000  [v4.02 ] 6.3 IR 35

DESIGN RULE CHECK          (12:46:29)

Messages:
                 None.


Summary:
                 Error Count = 0      Warning Count = 0

Completed Successfully  
----------------------------------------------------------------------------
PLD Compiler Software:        PLA2JED.EXE    31/03/2000  [v4.02 ] 6.3 IR 35

<CYPRESSTAG name="Pinout" icon=FILE_RPT_PINOUT>
PINOUT INFORMATION   (12:46:29)
</CYPRESSTAG>
Messages:
  Information: Checking for duplicate NODE logic.
                 None.


                                 C22V10
                 __________________________________________
           i(9) =| 1|                                  |24|* not used       
           i(8) =| 2|                                  |23|= q(1)           
           i(7) =| 3|                                  |22|= q(3)           
           i(6) =| 4|                                  |21|* not used       
           i(5) =| 5|                                  |20|* not used       
           i(4) =| 6|                                  |19|* not used       
           i(3) =| 7|                                  |18|* not used       
           i(2) =| 8|                                  |17|* not used       
           i(1) =| 9|                                  |16|* not used       
       not used *|10|                                  |15|= q(2)           
       not used *|11|                                  |14|= q(0)           
       not used *|12|                                  |13|* not used       
                 __________________________________________


Summary:
                 Error Count = 0      Warning Count = 0

Completed Successfully  
----------------------------------------------------------------------------
PLD Compiler Software:        PLA2JED.EXE    31/03/2000  [v4.02 ] 6.3 IR 35

<CYPRESSTAG name="Utilization" icon=FILE_RPT_UTILIZATION>
RESOURCE UTILIZATION (12:46:29)
</CYPRESSTAG>
  Information: Macrocell Utilization.

                     Description        Used     Max
                 ______________________________________
                 | Dedicated Inputs   |    8  |   11  |
                 | Clock/Inputs       |    1  |    1  |
                 | I/O Macrocells     |    4  |   10  |
                 ______________________________________
                                          13  /   22   = 59  %


  Information: Output Logic Product Term Utilization.

                  Node#  Output Signal Name  Used   Max
                 ________________________________________
                 | 14  |  q(0)            |   5  |   8  |
                 | 15  |  q(2)            |   3  |  10  |
                 | 16  |  Unused          |   0  |  12  |
                 | 17  |  Unused          |   0  |  14  |
                 | 18  |  Unused          |   0  |  16  |
                 | 19  |  Unused          |   0  |  16  |
                 | 20  |  Unused          |   0  |  14  |
                 | 21  |  Unused          |   0  |  12  |
                 | 22  |  q(3)            |   1  |  10  |
                 | 23  |  q(1)            |   4  |   8  |
                 | 25  |  Unused          |   0  |   1  |
                 ________________________________________
                                             13  / 121   = 10  %


Completed Successfully  
----------------------------------------------------------------------------
PLD Compiler Software:        PLA2JED.EXE    31/03/2000  [v4.02 ] 6.3 IR 35

JEDEC ASSEMBLE             (12:46:29)

Messages:
  Information: Output file 'COD.pin' created.
  Information: Output file 'COD.jed' created.

  Usercode:    
  Checksum:    5B98



Summary:
                 Error Count = 0      Warning Count = 0

Completed Successfully at 12:46:29
