
     | | | | | | |
   _________________
  -|               |-
  -|               |-
  -|               |-
  -|    CYPRESS    |-
  -|               |-
  -|               |-   Warp VHDL Synthesis Compiler: Version 6.3 IR 35
  -|               |-   Copyright (C) 1991-2001 Cypress Semiconductor
   |_______________|
     | | | | | | |

======================================================================
Compiling:  DEC.vhd
Options:    -m -yu -e10 -w100 -o2 -ygs -fP -v10 -dc22v10 -ppalce22v10-25pc/pi -b DEC.vhd -u DEC.hie
======================================================================

vhdlfe V6.3 IR 35:  VHDL parser
Fri Dec 10 16:10:47 2021

Library 'work' => directory 'lc22v10'
Linking 'C:\Archivos de programa\Cypress\Warp\bin\std.vhd'.
Linking 'C:\Archivos de programa\Cypress\Warp\lib\common\cypress.vhd'.
Linking 'C:\Archivos de programa\Cypress\Warp\lib\common\work\cypress.vif'.
Library 'ieee' => directory 'C:\Archivos de programa\Cypress\Warp\lib\ieee\work'
Linking 'C:\Archivos de programa\Cypress\Warp\lib\ieee\work\stdlogic.vif'.

vhdlfe:  No errors.


tovif V6.3 IR 35:  High-level synthesis
Fri Dec 10 16:10:48 2021

Linking 'C:\Archivos de programa\Cypress\Warp\bin\std.vhd'.
Linking 'C:\Archivos de programa\Cypress\Warp\lib\common\cypress.vhd'.
Linking 'C:\Archivos de programa\Cypress\Warp\lib\common\work\cypress.vif'.
Linking 'C:\Archivos de programa\Cypress\Warp\lib\ieee\work\stdlogic.vif'.

tovif:  No errors.


topld V6.3 IR 35:  Synthesis and optimization
Fri Dec 10 16:10:48 2021

Linking 'C:\Archivos de programa\Cypress\Warp\bin\std.vhd'.
Linking 'C:\Archivos de programa\Cypress\Warp\lib\common\cypress.vhd'.
Linking 'C:\Archivos de programa\Cypress\Warp\lib\common\work\cypress.vif'.
Linking 'C:\Archivos de programa\Cypress\Warp\lib\ieee\work\stdlogic.vif'.

----------------------------------------------------------
Detecting unused logic.
----------------------------------------------------------



------------------------------------------------------
Alias Detection
------------------------------------------------------

------------------------------------------------------
Aliased 0 equations, 12 wires.
------------------------------------------------------

----------------------------------------------------------
Circuit simplification
----------------------------------------------------------

----------------------------------------------------------
Circuit simplification results:

	Expanded 0 signals.
	Turned 0 signals into soft nodes.
	Maximum default expansion cost was set at 10.
----------------------------------------------------------
Created 36 PLD nodes.

topld:  No errors.

----------------------------------------------------------------------------
PLD Optimizer Software:       DSGNOPT.EXE    31/03/2000  [v4.02 ] 6.3 IR 35

DESIGN HEADER INFORMATION  (16:10:49)

Input File(s): DEC.pla
Device       : C22V10
Package      : palce22v10-25pc/pi
ReportFile   : DEC.rpt

Program Controls:
    COMMAND LANGUAGE_VHDL 
    COMMAND PROPERTY BUS_HOLD ENABLE 

Signal Requests:
    GROUP USEPOL ALL
    GROUP FAST_SLEW ALL

Completed Successfully  
----------------------------------------------------------------------------
PLD Optimizer Software:       DSGNOPT.EXE    31/03/2000  [v4.02 ] 6.3 IR 35

OPTIMIZATION OPTIONS       (16:10:49)

Messages:
  Information: Process virtual '\display(0)D\'\display(0)D\ ... expanded.
  Information: Process virtual '\display(1)D\'\display(1)D\ ... expanded.
  Information: Process virtual '\display(2)D\'\display(2)D\ ... expanded.
  Information: Process virtual '\display(3)D\'\display(3)D\ ... expanded.
  Information: Process virtual '\display(4)D\'\display(4)D\ ... expanded.
  Information: Process virtual '\display(5)D\'\display(5)D\ ... expanded.
  Information: Process virtual '\display(6)D\'\display(6)D\ ... expanded.
  Information: Optimizing logic using best output polarity for signals:
         display(0).D display(1).D display(2).D display(3).D display(4).D
         display(5).D display(6).D

  Information: Selected logic optimization OFF for signals:
         display(0).AP display(0).C display(1).AR display(1).C display(2).AR
         display(2).C display(3).AR display(3).C display(4).AR display(4).C
         display(5).AR display(5).C display(6).AR display(6).C



Summary:
                 Error Count = 0      Warning Count = 0

Completed Successfully  
----------------------------------------------------------------------------
PLD Optimizer Software:       MINOPT.EXE     01/NOV/1999  [v4.02 ] 6.3 IR 35

LOGIC MINIMIZATION         ()

Messages:


Summary:
                 Error Count = 0      Warning Count = 0

Completed Successfully
----------------------------------------------------------------------------
PLD Optimizer Software:       DSGNOPT.EXE    31/03/2000  [v4.02 ] 6.3 IR 35

OPTIMIZATION OPTIONS       (16:10:49)

Messages:
  Information: Optimizing Banked Preset/Reset requirements.


Summary:
                 Error Count = 0      Warning Count = 0

Completed Successfully  
----------------------------------------------------------------------------
PLD Compiler Software:        PLA2JED.EXE    31/03/2000  [v4.02 ] 6.3 IR 35

<CYPRESSTAG name="Equations" icon=FILE_RPT_EQUATION>
DESIGN EQUATIONS           (16:10:49)
</CYPRESSTAG>

    /display(0).D =
          ctr(0) * /ctr(1) * display(0).Q * display(1).Q * display(2).Q * 
          display(3).Q * /display(4).Q * /display(5).Q * display(6).Q 
        + ctr(0) * /display(0).Q * /display(1).Q * display(2).Q * 
          display(3).Q * /display(4).Q * /display(5).Q * display(6).Q 
        + ctr(0) * /display(0).Q * display(1).Q * /display(2).Q * 
          /display(3).Q * display(4).Q * /display(5).Q * /display(6).Q 
        + /ctr(0) * ctr(1) * /display(1).Q * /display(2).Q * /display(3).Q * 
          /display(4).Q * /display(5).Q * /display(6).Q 
        + ctr(1) * /display(0).Q * /display(1).Q * display(2).Q * 
          display(3).Q * /display(4).Q * /display(5).Q 
        + ctr(1) * /display(0).Q * /display(1).Q * /display(3).Q * 
          /display(4).Q * display(5).Q * /display(6).Q 
        + ctr(0) * /display(0).Q * /display(1).Q * /display(3).Q * 
          /display(4).Q * display(5).Q * /display(6).Q 
        + ctr(0) * /display(0).Q * /display(1).Q * /display(2).Q * 
          /display(3).Q * /display(4).Q * /display(6).Q 
        + ctr(1) * /display(0).Q * display(1).Q * display(2).Q * 
          /display(4).Q * /display(5).Q * /display(6).Q 
        + ctr(0) * /display(0).Q * display(1).Q * display(2).Q * 
          /display(4).Q * /display(5).Q * /display(6).Q 
        + /ctr(0) * /ctr(1) * s(3) 
        + /ctr(0) * /ctr(1) * s(2) 
        + /ctr(0) * /ctr(1) * s(1) 
        + ctr(0) * ctr(1) * /display(0).Q 

    display(0).AR =
          /clr 

    display(0).SP =
          GND

    display(0).C =
          clk 

    display(1).D =
          /ctr(0) * ctr(1) * /display(0).Q * /display(1).Q * display(2).Q * 
          display(3).Q * /display(4).Q * /display(5).Q * display(6).Q 
        + ctr(0) * /ctr(1) * /display(0).Q * /display(1).Q * /display(2).Q * 
          /display(3).Q * /display(4).Q * display(5).Q * /display(6).Q 
        + ctr(0) * /ctr(1) * display(0).Q * /display(1).Q * /display(2).Q * 
          /display(3).Q * /display(4).Q * /display(5).Q * /display(6).Q 
        + /ctr(0) * ctr(1) * /display(0).Q * /display(1).Q * /display(2).Q * 
          /display(3).Q * /display(4).Q * /display(5).Q * /display(6).Q 
        + ctr(0) * display(0).Q * display(1).Q * display(2).Q * 
          display(3).Q * /display(4).Q * /display(5).Q * display(6).Q 
        + ctr(1) * /display(0).Q * display(1).Q * /display(2).Q * 
          /display(3).Q * display(4).Q * /display(5).Q * /display(6).Q 
        + ctr(0) * /display(0).Q * display(1).Q * /display(2).Q * 
          /display(3).Q * display(4).Q * /display(5).Q * /display(6).Q 
        + ctr(1) * /display(0).Q * display(1).Q * display(2).Q * 
          /display(3).Q * /display(4).Q * /display(5).Q * /display(6).Q 
        + /ctr(0) * /ctr(1) * s(0) * s(1) * /s(3) 
        + /ctr(0) * /ctr(1) * s(1) * /s(2) * /s(3) 
        + /ctr(0) * /ctr(1) * s(0) * /s(2) * /s(3) 
        + ctr(0) * ctr(1) * display(1).Q 

    display(1).AR =
          /clr 

    display(1).SP =
          GND

    display(1).C =
          clk 

    display(2).D =
          /ctr(0) * ctr(1) * /display(0).Q * display(1).Q * /display(2).Q * 
          /display(3).Q * display(4).Q * /display(5).Q * /display(6).Q 
        + ctr(0) * /ctr(1) * /display(0).Q * display(1).Q * /display(2).Q * 
          /display(3).Q * display(4).Q * /display(5).Q * /display(6).Q 
        + ctr(1) * /display(0).Q * /display(1).Q * display(2).Q * 
          display(3).Q * /display(4).Q * /display(5).Q * display(6).Q 
        + ctr(0) * /display(0).Q * /display(1).Q * display(2).Q * 
          display(3).Q * /display(4).Q * /display(5).Q * display(6).Q 
        + /ctr(0) * ctr(1) * /display(0).Q * /display(1).Q * /display(3).Q * 
          /display(4).Q * display(5).Q * /display(6).Q 
        + ctr(0) * /ctr(1) * /display(0).Q * /display(1).Q * /display(2).Q * 
          /display(3).Q * /display(4).Q * /display(6).Q 
        + ctr(0) * /display(0).Q * display(1).Q * display(2).Q * 
          /display(3).Q * /display(4).Q * /display(5).Q * /display(6).Q 
        + /ctr(0) * ctr(1) * /display(1).Q * /display(2).Q * /display(3).Q * 
          /display(4).Q * /display(5).Q * /display(6).Q 
        + ctr(0) * /ctr(1) * /display(1).Q * /display(2).Q * /display(3).Q * 
          /display(4).Q * /display(5).Q * /display(6).Q 
        + /ctr(0) * /ctr(1) * s(1) * s(3) 
        + /ctr(0) * /ctr(1) * /s(1) * s(2) 
        + ctr(0) * ctr(1) * display(2).Q 
        + /ctr(0) * /ctr(1) * s(0) 

    display(2).AR =
          /clr 

    display(2).SP =
          GND

    display(2).C =
          clk 

    display(3).D =
          /ctr(0) * ctr(1) * /display(0).Q * /display(1).Q * display(2).Q * 
          /display(3).Q * /display(4).Q * display(5).Q * /display(6).Q 
        + /ctr(0) * ctr(1) * /display(0).Q * display(1).Q * /display(2).Q * 
          /display(3).Q * display(4).Q * /display(5).Q * /display(6).Q 
        + ctr(0) * /ctr(1) * /display(0).Q * display(1).Q * display(2).Q * 
          /display(3).Q * /display(4).Q * /display(5).Q * /display(6).Q 
        + ctr(0) * /ctr(1) * /display(0).Q * /display(1).Q * /display(2).Q * 
          /display(3).Q * /display(4).Q * /display(6).Q 
        + /ctr(0) * ctr(1) * /display(1).Q * /display(2).Q * /display(3).Q * 
          /display(4).Q * /display(5).Q * /display(6).Q 
        + ctr(0) * /ctr(1) * /display(1).Q * /display(2).Q * /display(3).Q * 
          /display(4).Q * /display(5).Q * /display(6).Q 
        + /ctr(0) * /ctr(1) * s(0) * s(1) * s(2) 
        + /ctr(0) * /ctr(1) * /s(0) * /s(1) * s(2) 
        + /ctr(0) * /ctr(1) * s(0) * /s(1) * /s(2) 
        + /ctr(0) * /ctr(1) * s(2) * s(3) 
        + /ctr(0) * /ctr(1) * s(1) * s(3) 
        + ctr(0) * ctr(1) * display(3).Q 

    display(3).AR =
          /clr 

    display(3).SP =
          GND

    display(3).C =
          clk 

    display(4).D =
          ctr(0) * /ctr(1) * display(0).Q * display(1).Q * display(2).Q * 
          display(3).Q * /display(4).Q * /display(5).Q * display(6).Q 
        + /ctr(0) * ctr(1) * /display(0).Q * display(1).Q * display(2).Q * 
          /display(3).Q * /display(4).Q * /display(5).Q * /display(6).Q 
        + /ctr(0) * /ctr(1) * /s(0) * s(1) * /s(2) * /s(3) 
        + ctr(0) * ctr(1) * display(4).Q 

    display(4).AR =
          /clr 

    display(4).SP =
          GND

    display(4).C =
          clk 

    display(5).D =
          ctr(0) * /ctr(1) * /display(0).Q * /display(1).Q * display(2).Q * 
          display(3).Q * /display(4).Q * /display(5).Q * display(6).Q 
        + /ctr(0) * ctr(1) * /display(0).Q * display(1).Q * display(2).Q * 
          display(3).Q * /display(4).Q * /display(5).Q * /display(6).Q 
        + ctr(0) * /display(0).Q * /display(1).Q * display(2).Q * 
          /display(3).Q * /display(4).Q * display(5).Q * /display(6).Q 
        + ctr(1) * /display(0).Q * /display(1).Q * /display(2).Q * 
          /display(3).Q * /display(4).Q * display(5).Q * /display(6).Q 
        + /ctr(0) * /ctr(1) * /s(0) * s(1) * s(2) * /s(3) 
        + /ctr(0) * /ctr(1) * s(0) * /s(1) * s(2) * /s(3) 
        + ctr(0) * ctr(1) * display(5).Q 

    display(5).AR =
          /clr 

    display(5).SP =
          GND

    display(5).C =
          clk 

    display(6).D =
          /ctr(0) * ctr(1) * /display(0).Q * /display(1).Q * display(2).Q * 
          /display(3).Q * /display(4).Q * display(5).Q * /display(6).Q 
        + /ctr(0) * ctr(1) * /display(0).Q * display(1).Q * /display(2).Q * 
          /display(3).Q * display(4).Q * /display(5).Q * /display(6).Q 
        + ctr(0) * /ctr(1) * /display(0).Q * display(1).Q * display(2).Q * 
          /display(3).Q * /display(4).Q * /display(5).Q * /display(6).Q 
        + ctr(0) * /ctr(1) * display(0).Q * /display(1).Q * /display(2).Q * 
          /display(3).Q * /display(4).Q * /display(5).Q * /display(6).Q 
        + /ctr(0) * /ctr(1) * /s(0) * /s(1) * s(2) * /s(3) 
        + /ctr(0) * /ctr(1) * s(0) * /s(1) * /s(2) * /s(3) 
        + ctr(0) * ctr(1) * display(6).Q 

    display(6).AR =
          /clr 

    display(6).SP =
          GND

    display(6).C =
          clk 


Completed Successfully  
----------------------------------------------------------------------------
PLD Compiler Software:        PLA2JED.EXE    31/03/2000  [v4.02 ] 6.3 IR 35

DESIGN RULE CHECK          (16:10:49)

Messages:
                 None.


Summary:
                 Error Count = 0      Warning Count = 0

Completed Successfully  
----------------------------------------------------------------------------
PLD Compiler Software:        PLA2JED.EXE    31/03/2000  [v4.02 ] 6.3 IR 35

<CYPRESSTAG name="Pinout" icon=FILE_RPT_PINOUT>
PINOUT INFORMATION   (16:10:49)
</CYPRESSTAG>
Messages:
  Information: Checking for duplicate NODE logic.
                 None.


                                 C22V10
                 __________________________________________
            clk =| 1|                                  |24|* not used       
           s(0) =| 2|                                  |23|= display(5)     
            clr =| 3|                                  |22|* not used       
           s(3) =| 4|                                  |21|= display(1)     
           s(2) =| 5|                                  |20|= display(2)     
           s(1) =| 6|                                  |19|* not used       
         ctr(1) =| 7|                                  |18|* not used       
         ctr(0) =| 8|                                  |17|= display(0)     
       not used *| 9|                                  |16|= display(3)     
       not used *|10|                                  |15|= display(4)     
       not used *|11|                                  |14|= display(6)     
       not used *|12|                                  |13|* not used       
                 __________________________________________


Summary:
                 Error Count = 0      Warning Count = 0

Completed Successfully  
----------------------------------------------------------------------------
PLD Compiler Software:        PLA2JED.EXE    31/03/2000  [v4.02 ] 6.3 IR 35

<CYPRESSTAG name="Utilization" icon=FILE_RPT_UTILIZATION>
RESOURCE UTILIZATION (16:10:49)
</CYPRESSTAG>
  Information: Macrocell Utilization.

                     Description        Used     Max
                 ______________________________________
                 | Dedicated Inputs   |    7  |   11  |
                 | Clock/Inputs       |    1  |    1  |
                 | I/O Macrocells     |    7  |   10  |
                 ______________________________________
                                          15  /   22   = 68  %


  Information: Output Logic Product Term Utilization.

                  Node#  Output Signal Name  Used   Max
                 ________________________________________
                 | 14  |  display(6)      |   7  |   8  |
                 | 15  |  display(4)      |   4  |  10  |
                 | 16  |  display(3)      |  12  |  12  |
                 | 17  |  display(0)      |  14  |  14  |
                 | 18  |  Unused          |   0  |  16  |
                 | 19  |  Unused          |   0  |  16  |
                 | 20  |  display(2)      |  13  |  14  |
                 | 21  |  display(1)      |  12  |  12  |
                 | 22  |  Unused          |   0  |  10  |
                 | 23  |  display(5)      |   7  |   8  |
                 | 25  |  Unused          |   0  |   1  |
                 ________________________________________
                                             69  / 121   = 57  %


Completed Successfully  
----------------------------------------------------------------------------
PLD Compiler Software:        PLA2JED.EXE    31/03/2000  [v4.02 ] 6.3 IR 35

JEDEC ASSEMBLE             (16:10:49)

Messages:
  Information: Output file 'DEC.pin' created.
  Information: Output file 'DEC.jed' created.

  Usercode:    
  Checksum:    6639



Summary:
                 Error Count = 0      Warning Count = 0

Completed Successfully at 16:10:49
