
     | | | | | | |
   _________________
  -|               |-
  -|               |-
  -|               |-
  -|    CYPRESS    |-
  -|               |-
  -|               |-   Warp VHDL Synthesis Compiler: Version 6.3 IR 35
  -|               |-   Copyright (C) 1991-2001 Cypress Semiconductor
   |_______________|
     | | | | | | |

======================================================================
Compiling:  P3.vhd
Options:    -m -yu -e10 -w100 -o2 -ygs -fP -v10 -dc22v10 -ppalce22v10-25pc/pi -b P3.vhd -u Pract3.hie
======================================================================

vhdlfe V6.3 IR 35:  VHDL parser
Fri Nov 26 16:07:57 2021

Library 'work' => directory 'lc22v10'
Linking 'C:\Archivos de programa\Cypress\Warp\bin\std.vhd'.
Linking 'C:\Archivos de programa\Cypress\Warp\lib\common\cypress.vhd'.
Linking 'C:\Archivos de programa\Cypress\Warp\lib\common\work\cypress.vif'.
Library 'ieee' => directory 'C:\Archivos de programa\Cypress\Warp\lib\ieee\work'
Linking 'C:\Archivos de programa\Cypress\Warp\lib\ieee\work\stdlogic.vif'.

vhdlfe:  No errors.


tovif V6.3 IR 35:  High-level synthesis
Fri Nov 26 16:07:57 2021

Linking 'C:\Archivos de programa\Cypress\Warp\bin\std.vhd'.
Linking 'C:\Archivos de programa\Cypress\Warp\lib\common\cypress.vhd'.
Linking 'C:\Archivos de programa\Cypress\Warp\lib\common\work\cypress.vif'.
Linking 'C:\Archivos de programa\Cypress\Warp\lib\ieee\work\stdlogic.vif'.
P3.vhd (line 19, col 33):  Warning: (W479) 'ed' should be referenced in the sensitivity list.
P3.vhd (line 22, col 29):  Warning: (W479) 'edcd' should be referenced in the sensitivity list.
P3.vhd (line 24, col 30):  Warning: (W479) 'q' should be referenced in the sensitivity list.
P3.vhd (line 24, col 30):  Warning: (W479) 'q' should be referenced in the sensitivity list.
P3.vhd (line 24, col 30):  Warning: (W479) 'q' should be referenced in the sensitivity list.
P3.vhd (line 24, col 30):  Warning: (W479) 'q' should be referenced in the sensitivity list.
P3.vhd (line 24, col 30):  Warning: (W479) 'q' should be referenced in the sensitivity list.
P3.vhd (line 24, col 30):  Warning: (W479) 'q' should be referenced in the sensitivity list.
P3.vhd (line 24, col 30):  Warning: (W479) 'q' should be referenced in the sensitivity list.
P3.vhd (line 28, col 29):  Warning: (W479) 'edci' should be referenced in the sensitivity list.
P3.vhd (line 30, col 30):  Warning: (W479) 'q' should be referenced in the sensitivity list.
P3.vhd (line 30, col 30):  Warning: (W479) 'q' should be referenced in the sensitivity list.
P3.vhd (line 30, col 30):  Warning: (W479) 'q' should be referenced in the sensitivity list.
P3.vhd (line 30, col 30):  Warning: (W479) 'q' should be referenced in the sensitivity list.
P3.vhd (line 30, col 30):  Warning: (W479) 'q' should be referenced in the sensitivity list.
P3.vhd (line 30, col 30):  Warning: (W479) 'q' should be referenced in the sensitivity list.
P3.vhd (line 30, col 30):  Warning: (W479) 'q' should be referenced in the sensitivity list.
P3.vhd (line 32, col 34):  Warning: (W479) 'q' should be referenced in the sensitivity list.

tovif:  No errors.  18 warnings.


topld V6.3 IR 35:  Synthesis and optimization
Fri Nov 26 16:07:57 2021

Linking 'C:\Archivos de programa\Cypress\Warp\bin\std.vhd'.
Linking 'C:\Archivos de programa\Cypress\Warp\lib\common\cypress.vhd'.
Linking 'C:\Archivos de programa\Cypress\Warp\lib\common\work\cypress.vif'.
Linking 'C:\Archivos de programa\Cypress\Warp\lib\ieee\work\stdlogic.vif'.

----------------------------------------------------------
Detecting unused logic.
----------------------------------------------------------



------------------------------------------------------
Alias Detection
------------------------------------------------------

------------------------------------------------------
Aliased 0 equations, 22 wires.
------------------------------------------------------

----------------------------------------------------------
Circuit simplification
----------------------------------------------------------

----------------------------------------------------------
Circuit simplification results:

	Expanded 0 signals.
	Turned 0 signals into soft nodes.
	Maximum default expansion cost was set at 10.
----------------------------------------------------------
Created 54 PLD nodes.

topld:  No errors.

----------------------------------------------------------------------------
PLD Optimizer Software:       DSGNOPT.EXE    31/03/2000  [v4.02 ] 6.3 IR 35

DESIGN HEADER INFORMATION  (16:07:58)

Input File(s): P3.pla
Device       : C22V10
Package      : palce22v10-25pc/pi
ReportFile   : P3.rpt

Program Controls:
    COMMAND LANGUAGE_VHDL 
    COMMAND PROPERTY BUS_HOLD ENABLE 

Signal Requests:
    GROUP USEPOL ALL
    GROUP FAST_SLEW ALL

Completed Successfully  
----------------------------------------------------------------------------
PLD Optimizer Software:       DSGNOPT.EXE    31/03/2000  [v4.02 ] 6.3 IR 35

OPTIMIZATION OPTIONS       (16:07:58)

Messages:
  Information: Process virtual 'm_0'm_0 ... expanded.
  Information: Process virtual 'm_1'm_1 ... expanded.
  Information: Process virtual 'm_2'm_2 ... expanded.
  Information: Process virtual 'm_3'm_3 ... expanded.
  Information: Process virtual 'm_4'm_4 ... expanded.
  Information: Process virtual 'm_5'm_5 ... expanded.
  Information: Process virtual 'm_6'm_6 ... expanded.
  Information: Process virtual 'm_7'm_7 ... expanded.
  Information: Optimizing logic using best output polarity for signals:
         q(0).D q(1).D q(2).D q(3).D q(4).D q(5).D q(6).D q(7).D

  Information: Selected logic optimization OFF for signals:
         q(0).AR q(0).C q(1).AR q(1).C q(2).AR q(2).C q(3).AR q(3).C q(4).AR
         q(4).C q(5).AR q(5).C q(6).AR q(6).C q(7).AR q(7).C



Summary:
                 Error Count = 0      Warning Count = 0

Completed Successfully  
----------------------------------------------------------------------------
PLD Optimizer Software:       MINOPT.EXE     01/NOV/1999  [v4.02 ] 6.3 IR 35

LOGIC MINIMIZATION         ()

Messages:


Summary:
                 Error Count = 0      Warning Count = 0

Completed Successfully
----------------------------------------------------------------------------
PLD Optimizer Software:       DSGNOPT.EXE    31/03/2000  [v4.02 ] 6.3 IR 35

OPTIMIZATION OPTIONS       (16:07:58)

Messages:
  Information: Optimizing Banked Preset/Reset requirements.


Summary:
                 Error Count = 0      Warning Count = 0

Completed Successfully  
----------------------------------------------------------------------------
PLD Compiler Software:        PLA2JED.EXE    31/03/2000  [v4.02 ] 6.3 IR 35

<CYPRESSTAG name="Equations" icon=FILE_RPT_EQUATION>
DESIGN EQUATIONS           (16:07:59)
</CYPRESSTAG>

    q(0).D =
          c(0) * c(1) * q(0).Q 
        + /c(0) * c(1) * q(1).Q 
        + c(0) * /c(1) * edcd 
        + /c(0) * /c(1) * ed(0) 

    q(0).AR =
          /clr 

    q(0).SP =
          GND

    q(0).C =
          clk 

    q(1).D =
          c(0) * c(1) * q(1).Q 
        + /c(0) * c(1) * q(2).Q 
        + c(0) * /c(1) * q(0).Q 
        + /c(0) * /c(1) * ed(1) 

    q(1).AR =
          /clr 

    q(1).SP =
          GND

    q(1).C =
          clk 

    q(2).D =
          c(0) * c(1) * q(2).Q 
        + /c(0) * c(1) * q(3).Q 
        + c(0) * /c(1) * q(1).Q 
        + /c(0) * /c(1) * ed(2) 

    q(2).AR =
          /clr 

    q(2).SP =
          GND

    q(2).C =
          clk 

    q(3).D =
          c(0) * c(1) * q(3).Q 
        + /c(0) * c(1) * q(4).Q 
        + c(0) * /c(1) * q(2).Q 
        + /c(0) * /c(1) * ed(3) 

    q(3).AR =
          /clr 

    q(3).SP =
          GND

    q(3).C =
          clk 

    q(4).D =
          c(0) * c(1) * q(4).Q 
        + /c(0) * c(1) * q(5).Q 
        + c(0) * /c(1) * q(3).Q 
        + /c(0) * /c(1) * ed(4) 

    q(4).AR =
          /clr 

    q(4).SP =
          GND

    q(4).C =
          clk 

    q(5).D =
          c(0) * c(1) * q(5).Q 
        + /c(0) * c(1) * q(6).Q 
        + c(0) * /c(1) * q(4).Q 
        + /c(0) * /c(1) * ed(5) 

    q(5).AR =
          /clr 

    q(5).SP =
          GND

    q(5).C =
          clk 

    q(6).D =
          c(0) * c(1) * q(6).Q 
        + /c(0) * c(1) * q(7).Q 
        + c(0) * /c(1) * q(5).Q 
        + /c(0) * /c(1) * ed(6) 

    q(6).AR =
          /clr 

    q(6).SP =
          GND

    q(6).C =
          clk 

    q(7).D =
          c(0) * c(1) * q(7).Q 
        + /c(0) * c(1) * edci 
        + c(0) * /c(1) * q(6).Q 
        + /c(0) * /c(1) * ed(7) 

    q(7).AR =
          /clr 

    q(7).SP =
          GND

    q(7).C =
          clk 


Completed Successfully  
----------------------------------------------------------------------------
PLD Compiler Software:        PLA2JED.EXE    31/03/2000  [v4.02 ] 6.3 IR 35

DESIGN RULE CHECK          (16:07:59)

Messages:
                 None.


Summary:
                 Error Count = 0      Warning Count = 0

Completed Successfully  
----------------------------------------------------------------------------
PLD Compiler Software:        PLA2JED.EXE    31/03/2000  [v4.02 ] 6.3 IR 35

<CYPRESSTAG name="Pinout" icon=FILE_RPT_PINOUT>
PINOUT INFORMATION   (16:07:59)
</CYPRESSTAG>
Messages:
  Information: Checking for duplicate NODE logic.
                 None.


                                 C22V10
                 __________________________________________
            clk =| 1|                                  |24|* not used       
           edci =| 2|                                  |23|= q(6)           
          ed(7) =| 3|                                  |22|= q(4)           
          ed(6) =| 4|                                  |21|= q(2)           
          ed(5) =| 5|                                  |20|= q(0)           
          ed(4) =| 6|                                  |19|= c(0)           
          ed(3) =| 7|                                  |18|= c(1)           
          ed(2) =| 8|                                  |17|= q(1)           
           edcd =| 9|                                  |16|= q(3)           
          ed(1) =|10|                                  |15|= q(5)           
          ed(0) =|11|                                  |14|= q(7)           
       not used *|12|                                  |13|= clr            
                 __________________________________________


Summary:
                 Error Count = 0      Warning Count = 0

Completed Successfully  
----------------------------------------------------------------------------
PLD Compiler Software:        PLA2JED.EXE    31/03/2000  [v4.02 ] 6.3 IR 35

<CYPRESSTAG name="Utilization" icon=FILE_RPT_UTILIZATION>
RESOURCE UTILIZATION (16:07:59)
</CYPRESSTAG>
  Information: Macrocell Utilization.

                     Description        Used     Max
                 ______________________________________
                 | Dedicated Inputs   |   11  |   11  |
                 | Clock/Inputs       |    1  |    1  |
                 | I/O Macrocells     |   10  |   10  |
                 ______________________________________
                                          22  /   22   = 100 %


  Information: Output Logic Product Term Utilization.

                  Node#  Output Signal Name  Used   Max
                 ________________________________________
                 | 14  |  q(7)            |   4  |   8  |
                 | 15  |  q(5)            |   4  |  10  |
                 | 16  |  q(3)            |   4  |  12  |
                 | 17  |  q(1)            |   4  |  14  |
                 | 18  |  Used As Input   |   0  |  16  |
                 | 19  |  Used As Input   |   0  |  16  |
                 | 20  |  q(0)            |   4  |  14  |
                 | 21  |  q(2)            |   4  |  12  |
                 | 22  |  q(4)            |   4  |  10  |
                 | 23  |  q(6)            |   4  |   8  |
                 | 25  |  Unused          |   0  |   1  |
                 ________________________________________
                                             32  / 121   = 26  %


Completed Successfully  
----------------------------------------------------------------------------
PLD Compiler Software:        PLA2JED.EXE    31/03/2000  [v4.02 ] 6.3 IR 35

JEDEC ASSEMBLE             (16:07:59)

Messages:
  Information: Output file 'P3.pin' created.
  Information: Output file 'P3.jed' created.

  Usercode:    
  Checksum:    CFDC



Summary:
                 Error Count = 0      Warning Count = 0

Completed Successfully at 16:07:59
