
     | | | | | | |
   _________________
  -|               |-
  -|               |-
  -|               |-
  -|    CYPRESS    |-
  -|               |-
  -|               |-   Warp VHDL Synthesis Compiler: Version 6.3 IR 35
  -|               |-   Copyright (C) 1991-2001 Cypress Semiconductor
   |_______________|
     | | | | | | |

======================================================================
Compiling:  DS.vhd
Options:    -m -yu -e10 -w100 -o2 -ygs -fP -v10 -dc22v10 -ppalce22v10-25pc/pi -b DS.vhd -u DS.hie
======================================================================

vhdlfe V6.3 IR 35:  VHDL parser
Mon Dec 13 14:37:16 2021

Library 'work' => directory 'lc22v10'
Linking 'C:\Archivos de programa\Cypress\Warp\bin\std.vhd'.
Linking 'C:\Archivos de programa\Cypress\Warp\lib\common\cypress.vhd'.
Linking 'C:\Archivos de programa\Cypress\Warp\lib\common\work\cypress.vif'.
Library 'ieee' => directory 'C:\Archivos de programa\Cypress\Warp\lib\ieee\work'
Linking 'C:\Archivos de programa\Cypress\Warp\lib\ieee\work\stdlogic.vif'.
Linking 'C:\Archivos de programa\Cypress\Warp\lib\ieee\work\syntocyp.vif'.
Linking 'C:\Archivos de programa\Cypress\Warp\lib\ieee\work\synarith.vif'.
Linking 'C:\Archivos de programa\Cypress\Warp\lib\ieee\work\synusgnd.vif'.

vhdlfe:  No errors.


tovif V6.3 IR 35:  High-level synthesis
Mon Dec 13 14:37:17 2021

Linking 'C:\Archivos de programa\Cypress\Warp\bin\std.vhd'.
Linking 'C:\Archivos de programa\Cypress\Warp\lib\common\cypress.vhd'.
Linking 'C:\Archivos de programa\Cypress\Warp\lib\common\work\cypress.vif'.
Linking 'C:\Archivos de programa\Cypress\Warp\lib\ieee\work\stdlogic.vif'.
Linking 'C:\Archivos de programa\Cypress\Warp\lib\ieee\work\syntocyp.vif'.
Linking 'C:\Archivos de programa\Cypress\Warp\lib\ieee\work\synarith.vif'.
Linking 'C:\Archivos de programa\Cypress\Warp\lib\ieee\work\synusgnd.vif'.

tovif:  No errors.


topld V6.3 IR 35:  Synthesis and optimization
Mon Dec 13 14:37:17 2021

Linking 'C:\Archivos de programa\Cypress\Warp\bin\std.vhd'.
Linking 'C:\Archivos de programa\Cypress\Warp\lib\common\cypress.vhd'.
Linking 'C:\Archivos de programa\Cypress\Warp\lib\common\work\cypress.vif'.
Linking 'C:\Archivos de programa\Cypress\Warp\lib\ieee\work\stdlogic.vif'.
Linking 'C:\Archivos de programa\Cypress\Warp\lib\ieee\work\syntocyp.vif'.
Linking 'C:\Archivos de programa\Cypress\Warp\lib\ieee\work\synarith.vif'.
Linking 'C:\Archivos de programa\Cypress\Warp\lib\ieee\work\synusgnd.vif'.
State variable 'edo_presente' is represented by a Bit_vector (0 to 2).
State encoding (sequential) for 'edo_presente' is:
	a :=	b"000";
	b :=	b"001";
	c :=	b"010";
	d :=	b"011";
	e :=	b"100";
State variable 'edo_futuro' is represented by a Bit_vector (0 to 2).
State encoding (sequential) for 'edo_futuro' is:
	a :=	b"000";
	b :=	b"001";
	c :=	b"010";
	d :=	b"011";
	e :=	b"100";

----------------------------------------------------------
Detecting unused logic.
----------------------------------------------------------
    User names
	edo_presenteSBV_0
	edo_futuroSBV_0


Deleted 2 User equations/components.
Deleted 1 Synthesized equation or component.

------------------------------------------------------
Alias Detection
------------------------------------------------------

------------------------------------------------------
Aliased 0 equations, 2 wires.
------------------------------------------------------

----------------------------------------------------------
Circuit simplification
----------------------------------------------------------

----------------------------------------------------------
Circuit simplification results:

	Expanded 1 signals.
	Turned 0 signals into soft nodes.
	Maximum default expansion cost was set at 10.
----------------------------------------------------------

------------------------------------------------------
Alias Detection
------------------------------------------------------

------------------------------------------------------
Aliased 0 equations, 0 wires.
------------------------------------------------------
Created 19 PLD nodes.

topld:  No errors.

----------------------------------------------------------------------------
PLD Optimizer Software:       DSGNOPT.EXE    31/03/2000  [v4.02 ] 6.3 IR 35

DESIGN HEADER INFORMATION  (14:37:18)

Input File(s): DS.pla
Device       : C22V10
Package      : palce22v10-25pc/pi
ReportFile   : DS.rpt

Program Controls:
    COMMAND LANGUAGE_VHDL 
    COMMAND PROPERTY BUS_HOLD ENABLE 

Signal Requests:
    GROUP USEPOL ALL
    GROUP FAST_SLEW ALL

Completed Successfully  
----------------------------------------------------------------------------
PLD Optimizer Software:       DSGNOPT.EXE    31/03/2000  [v4.02 ] 6.3 IR 35

OPTIMIZATION OPTIONS       (14:37:18)

Messages:
  Information: Process virtual 'edo_futuroSBV_2'edo_futuroSBV_2 ... expanded.
  Information: Process virtual 'edo_futuroSBV_1'edo_futuroSBV_1 ... expanded.
  Information: Process virtual 'edo_presenteSBV_2' ... converted to NODE.
  Information: Process virtual 'edo_presenteSBV_1' ... converted to NODE.
  Information: Optimizing logic using best output polarity for signals:
         edo_presenteSBV_1.D

  Information: Selected logic optimization OFF for signals:
         display(0) display(1) display(2) display(3) display(4) display(5)
         display(6) edo_presenteSBV_1.C edo_presenteSBV_2.D
         edo_presenteSBV_2.C z



Summary:
                 Error Count = 0      Warning Count = 0

Completed Successfully  
----------------------------------------------------------------------------
PLD Optimizer Software:       MINOPT.EXE     01/NOV/1999  [v4.02 ] 6.3 IR 35

LOGIC MINIMIZATION         ()

Messages:


Summary:
                 Error Count = 0      Warning Count = 0

Completed Successfully
----------------------------------------------------------------------------
PLD Optimizer Software:       DSGNOPT.EXE    31/03/2000  [v4.02 ] 6.3 IR 35

OPTIMIZATION OPTIONS       (14:37:18)

Messages:
  Information: Optimizing Banked Preset/Reset requirements.


Summary:
                 Error Count = 0      Warning Count = 0

Completed Successfully  
----------------------------------------------------------------------------
PLD Compiler Software:        PLA2JED.EXE    31/03/2000  [v4.02 ] 6.3 IR 35

<CYPRESSTAG name="Equations" icon=FILE_RPT_EQUATION>
DESIGN EQUATIONS           (14:37:18)
</CYPRESSTAG>

    display(0) =
          VCC

    display(1) =
          display(6) 

    display(2) =
          display(6) 

    display(3) =
          display(6) 

    display(4) =
          GND

    display(5) =
          GND

    display(6) =
          edo_presenteSBV_1.Q * edo_presenteSBV_2.Q * x 

    edo_presenteSBV_1.D =
          /edo_presenteSBV_1.Q * edo_presenteSBV_2.Q * x 
        + edo_presenteSBV_1.Q * /edo_presenteSBV_2.Q * x 

    edo_presenteSBV_1.AR =
          GND

    edo_presenteSBV_1.SP =
          GND

    edo_presenteSBV_1.C =
          clk 

    edo_presenteSBV_2.D =
          /edo_presenteSBV_2.Q * x 

    edo_presenteSBV_2.AR =
          GND

    edo_presenteSBV_2.SP =
          GND

    edo_presenteSBV_2.C =
          clk 

    z =
          display(6) 


Completed Successfully  
----------------------------------------------------------------------------
PLD Compiler Software:        PLA2JED.EXE    31/03/2000  [v4.02 ] 6.3 IR 35

DESIGN RULE CHECK          (14:37:18)

Messages:
                 None.


Summary:
                 Error Count = 0      Warning Count = 0

Completed Successfully  
----------------------------------------------------------------------------
PLD Compiler Software:        PLA2JED.EXE    31/03/2000  [v4.02 ] 6.3 IR 35

<CYPRESSTAG name="Pinout" icon=FILE_RPT_PINOUT>
PINOUT INFORMATION   (14:37:18)
</CYPRESSTAG>
Messages:
  Information: Checking for duplicate NODE logic.
                 None.


                                 C22V10
                 __________________________________________
            clk =| 1|                                  |24|* not used       
              x =| 2|                                  |23|= z              
       not used *| 3|                                  |22|= display(5)     
       not used *| 4|                                  |21|= display(3)     
       not used *| 5|                                  |20|= display(1)     
       not used *| 6|                                  |19|= display(6)     
       not used *| 7|                                  |18|= display(0)     
       not used *| 8|                                  |17|= display(2)     
       not used *| 9|                                  |16|= display(4)     
       not used *|10|                                  |15|= (edo_present.. 
       not used *|11|                                  |14|= (edo_present.. 
       not used *|12|                                  |13|* not used       
                 __________________________________________


Summary:
                 Error Count = 0      Warning Count = 0

Completed Successfully  
----------------------------------------------------------------------------
PLD Compiler Software:        PLA2JED.EXE    31/03/2000  [v4.02 ] 6.3 IR 35

<CYPRESSTAG name="Utilization" icon=FILE_RPT_UTILIZATION>
RESOURCE UTILIZATION (14:37:18)
</CYPRESSTAG>
  Information: Macrocell Utilization.

                     Description        Used     Max
                 ______________________________________
                 | Dedicated Inputs   |    1  |   11  |
                 | Clock/Inputs       |    1  |    1  |
                 | I/O Macrocells     |   10  |   10  |
                 ______________________________________
                                          12  /   22   = 54  %


  Information: Output Logic Product Term Utilization.

                  Node#  Output Signal Name  Used   Max
                 ________________________________________
                 | 14  |  edo_presente..  |   2  |   8  |
                 | 15  |  edo_presente..  |   1  |  10  |
                 | 16  |  display(4)      |   1  |  12  |
                 | 17  |  display(2)      |   1  |  14  |
                 | 18  |  display(0)      |   1  |  16  |
                 | 19  |  display(6)      |   1  |  16  |
                 | 20  |  display(1)      |   1  |  14  |
                 | 21  |  display(3)      |   1  |  12  |
                 | 22  |  display(5)      |   1  |  10  |
                 | 23  |  z               |   1  |   8  |
                 | 25  |  Unused          |   0  |   1  |
                 ________________________________________
                                             11  / 121   = 9   %


Completed Successfully  
----------------------------------------------------------------------------
PLD Compiler Software:        PLA2JED.EXE    31/03/2000  [v4.02 ] 6.3 IR 35

JEDEC ASSEMBLE             (14:37:18)

Messages:
  Information: Output file 'DS.pin' created.
  Information: Output file 'DS.jed' created.

  Usercode:    
  Checksum:    5BC3



Summary:
                 Error Count = 0      Warning Count = 0

Completed Successfully at 14:37:18
